<?xml version="1.0" encoding="UTF-8"?>
<!-- Generated by org.testng.reporters.JUnitReportReporter -->
<testsuite skipped="0" hostname="win7-PC002" name="page.test.NewTestCart" tests="1" failures="0" timestamp="26 Dec 2019 20:15:55 GMT" time="19.952" errors="0">
  <testcase name="TestCart" time="19.952" classname="page.test.NewTestCart"/>
</testsuite> <!-- page.test.NewTestCart -->
