<?xml version="1.0" encoding="UTF-8"?>
<!-- Generated by org.testng.reporters.JUnitReportReporter -->
<testsuite skipped="0" hostname="win7-PC002" name="page.test.NewTestPetStoreManu" tests="4" failures="0" timestamp="25 Dec 2019 20:56:44 GMT" time="96.343" errors="0">
  <testcase name="SignInButtonTest" time="22.467" classname="page.test.NewTestPetStoreManu"/>
  <testcase name="LeftMenuTest" time="21.375" classname="page.test.NewTestPetStoreManu"/>
  <testcase name="TopMenuTest" time="25.757" classname="page.test.NewTestPetStoreManu"/>
  <testcase name="PictureMenuTest" time="26.744" classname="page.test.NewTestPetStoreManu"/>
</testsuite> <!-- page.test.NewTestPetStoreManu -->
