<?xml version="1.0" encoding="UTF-8"?>
<!-- Generated by org.testng.reporters.JUnitReportReporter -->
<testsuite skipped="0" hostname="win7-PC002" name="page.test.NewTestHomePage" tests="1" failures="0" timestamp="25 Dec 2019 20:13:51 GMT" time="6.158" errors="0">
  <testcase name="f" time="6.158" classname="page.test.NewTestHomePage"/>
</testsuite> <!-- page.test.NewTestHomePage -->
